<?xml version="1.0" encoding="UTF-8"?>
<!-- Generated by org.testng.reporters.JUnitReportReporter -->
<testsuite hostname="sid" failures="0" tests="1" name="NewTest" time="22.851" errors="0" timestamp="2024-11-23T23:57:33 IST" skipped="0">
  <testcase classname="NewTest" name="f" time="22.851"/>
  <system-out/>
</testsuite> <!-- NewTest -->
